2024-11-12 21:04:43,644 - INFO - Download directory is set to: downloaded_videos
2024-11-12 21:04:44,726 - INFO - Selenium WebDriver initialized successfully.
2024-11-12 21:04:47,633 - INFO - Navigated to login page. Please log in manually in the browser window.
2024-11-12 21:05:05,390 - INFO - Navigated to https://xhamster.com/my/favorites/videos
2024-11-12 21:05:07,443 - INFO - Reached the bottom of the page.
2024-11-12 21:05:07,563 - INFO - Parsed 60 video links from the page.
2024-11-12 21:05:07,570 - INFO - Authenticated requests session created from Selenium cookies.
2024-11-12 21:05:38,762 - INFO - Prepared 60 videos for download.
2024-11-12 21:05:38,840 - INFO - Starting download for 'Mirror_bj_99' from https://xhamster.com/videos/mirror-bj-99-xhjVm2e (Attempt 1)
2024-11-12 21:05:39,839 - INFO - Starting download for 'Wife_Wants_BBC_Semen' from https://xhamster.com/videos/wife-wants-bbc-semen-8949770 (Attempt 1)
2024-11-12 21:05:40,842 - INFO - Starting download for 'she_is_cheating_on_her_boyfriend_with_a_long_cock_alpha' from https://xhamster.com/videos/she-is-cheating-on-her-boyfriend-with-a-long-cock-alpha-14050865 (Attempt 1)
2024-11-12 21:05:41,849 - INFO - Starting download for 'Wife_wants_to_taste_black_cum_while_husband_watches' from https://xhamster.com/videos/wife-wants-to-taste-black-cum-while-husband-watches-12755559 (Attempt 1)
2024-11-12 21:05:42,599 - INFO - Successfully downloaded: downloaded_videos\Wife_Wants_BBC_Semen.mp4
2024-11-12 21:05:42,891 - INFO - Starting download for 'Interracial_-_I_lost_my_wife_to_BBC' from https://xhamster.com/videos/interracial-i-lost-my-wife-to-bbc-14097437 (Attempt 1)
2024-11-12 21:05:43,899 - INFO - Starting download for 'ex_girl_suck' from https://xhamster.com/videos/ex-girl-suck-11890502 (Attempt 1)
2024-11-12 21:05:46,315 - INFO - Successfully downloaded: downloaded_videos\Mirror_bj_99.mp4
2024-11-12 21:05:46,419 - INFO - Starting download for 'hot_bull_cums_inside_wife_in_front_of_disagreeing_husband' from https://xhamster.com/videos/hot-bull-cums-inside-wife-in-front-of-disagreeing-husband-xh5QWwO (Attempt 1)
2024-11-12 21:05:48,782 - INFO - Successfully downloaded: downloaded_videos\ex_girl_suck.mp4
2024-11-12 21:05:48,863 - INFO - Starting download for 'Housewife_Sucking_Husbands_Friend_Making_Deepthroat_Untill_Cum_on_Her_Mouth' from https://xhamster.com/videos/housewife-sucking-husbands-friend-making-deepthroat-untill-cum-on-her-mouth-xhfpRbP (Attempt 1)
2024-11-12 21:05:49,333 - INFO - Successfully downloaded: downloaded_videos\Wife_wants_to_taste_black_cum_while_husband_watches.mp4
2024-11-12 21:05:49,433 - INFO - Starting download for 'The_Admission' from https://xhamster.com/videos/the-admission-14496208 (Attempt 1)
2024-11-12 21:05:52,601 - INFO - Successfully downloaded: downloaded_videos\Interracial_-_I_lost_my_wife_to_BBC.mp4
2024-11-12 21:05:52,693 - INFO - Starting download for 'White_girl_sucks_black_cock_while_her_boyfriend_kisses_her_feet' from https://xhamster.com/videos/white-girl-sucks-black-cock-while-her-boyfriend-kisses-her-feet-xhihldF (Attempt 1)
2024-11-12 21:05:55,010 - INFO - Successfully downloaded: downloaded_videos\hot_bull_cums_inside_wife_in_front_of_disagreeing_husband.mp4
2024-11-12 21:05:55,088 - INFO - Starting download for 'Drinking_black_cum' from https://xhamster.com/videos/drinking-black-cum-6109434 (Attempt 1)
2024-11-12 21:05:55,464 - INFO - Successfully downloaded: downloaded_videos\White_girl_sucks_black_cock_while_her_boyfriend_kisses_her_feet.mp4
2024-11-12 21:05:55,513 - INFO - Starting download for 'Watching_wives_at_swinger_party' from https://xhamster.com/videos/watching-wives-at-swinger-party-xhwIoEZ (Attempt 1)
2024-11-12 21:05:58,533 - INFO - Successfully downloaded: downloaded_videos\Drinking_black_cum.mp4
2024-11-12 21:05:58,586 - INFO - Starting download for 'cuckold_wife_sucking_cocks' from https://xhamster.com/videos/cuckold-wife-sucking-cocks-xhtfYZ9 (Attempt 1)
2024-11-12 21:05:59,398 - INFO - Successfully downloaded: downloaded_videos\Watching_wives_at_swinger_party.mp4
2024-11-12 21:05:59,452 - INFO - Starting download for 'mamada_de_nuevo' from https://xhamster.com/videos/mamada-de-nuevo-xht9ul9 (Attempt 1)
2024-11-12 21:06:03,186 - INFO - Successfully downloaded: downloaded_videos\mamada_de_nuevo.mp4
2024-11-12 21:06:03,245 - INFO - Starting download for 'Cuckold_Wife' from https://xhamster.com/videos/cuckold-wife-7003817 (Attempt 1)
2024-11-12 21:06:03,760 - INFO - Successfully downloaded: downloaded_videos\cuckold_wife_sucking_cocks.mp4
2024-11-12 21:06:03,808 - INFO - Starting download for 'Cuckold_Wife' from https://xhamster.com/videos/cuckold-wife-4461395 (Attempt 1)
2024-11-12 21:06:05,390 - INFO - Successfully downloaded: downloaded_videos\Cuckold_Wife.mp4
2024-11-12 21:06:05,436 - INFO - Starting download for 'Interracial_Bi_MMF' from https://xhamster.com/videos/interracial-bi-mmf-xhs1mUa (Attempt 1)
2024-11-12 21:06:08,266 - INFO - Successfully downloaded: downloaded_videos\Housewife_Sucking_Husbands_Friend_Making_Deepthroat_Untill_Cum_on_Her_Mouth.mp4
2024-11-12 21:06:08,325 - INFO - Starting download for 'Gorgeous_Girlfriend_Gives_Sensual_Handjob_the_Cum_In_Mouth' from https://xhamster.com/videos/gorgeous-girlfriend-gives-sensual-handjob-the-cum-in-mouth-8274863 (Attempt 1)
2024-11-12 21:06:09,162 - INFO - Successfully downloaded: downloaded_videos\Cuckold_Wife.mp4
2024-11-12 21:06:09,210 - INFO - Starting download for 'Neglected_wife_fucks_neighbor' from https://xhamster.com/videos/neglected-wife-fucks-neighbor-4423710 (Attempt 1)
2024-11-12 21:06:12,338 - INFO - Successfully downloaded: downloaded_videos\The_Admission.mp4
2024-11-12 21:06:12,384 - INFO - Starting download for 'Watching_his_wife_fuck_a_black_guy_on_the_couch' from https://xhamster.com/videos/watching-his-wife-fuck-a-black-guy-on-the-couch-5351433 (Attempt 1)
2024-11-12 21:06:19,451 - INFO - Successfully downloaded: downloaded_videos\Gorgeous_Girlfriend_Gives_Sensual_Handjob_the_Cum_In_Mouth.mp4
2024-11-12 21:06:19,502 - INFO - Starting download for 'Hotwife_s_first_Big_Black_Cock__Cuckold' from https://xhamster.com/videos/hotwifes-first-big-black-cock-cuckold-xhL9TxC (Attempt 1)
2024-11-12 21:06:19,573 - INFO - Successfully downloaded: downloaded_videos\she_is_cheating_on_her_boyfriend_with_a_long_cock_alpha.mp4
2024-11-12 21:06:19,617 - INFO - Starting download for 'bbc_bachelorette' from https://xhamster.com/videos/bbc-bachelorette-2732191 (Attempt 1)
2024-11-12 21:06:30,516 - INFO - Successfully downloaded: downloaded_videos\Neglected_wife_fucks_neighbor.mp4
2024-11-12 21:06:30,568 - INFO - Starting download for 'White_slut_eats_sperm' from https://xhamster.com/videos/white-slut-eats-sperm-xhdsEi8 (Attempt 1)
2024-11-12 21:06:34,485 - INFO - Successfully downloaded: downloaded_videos\White_slut_eats_sperm.mp4
2024-11-12 21:06:34,534 - INFO - Starting download for 'Cuckolding_Wife_Swallows' from https://xhamster.com/videos/cuckolding-wife-swallows-9678122 (Attempt 1)
2024-11-12 21:06:40,668 - INFO - Successfully downloaded: downloaded_videos\bbc_bachelorette.mp4
2024-11-12 21:06:40,717 - INFO - Starting download for 'Cheating_Gf_Fucking_random_Guy_while_i_filmed_part_2' from https://xhamster.com/videos/cheating-gf-fucking-random-guy-while-i-filmed-part-2-11509841 (Attempt 1)
2024-11-12 21:06:45,545 - INFO - Successfully downloaded: downloaded_videos\Hotwife_s_first_Big_Black_Cock__Cuckold.mp4
2024-11-12 21:06:45,591 - INFO - Starting download for 'OMG__I_Can_t__I_Can_t__It_s_Already_Too_Deep__' from https://xhamster.com/videos/omg-i-cant-i-cant-its-already-too-deep-12267120 (Attempt 1)
2024-11-12 21:06:48,644 - INFO - Successfully downloaded: downloaded_videos\Cuckolding_Wife_Swallows.mp4
2024-11-12 21:06:48,707 - INFO - Starting download for 'Our_first_BBC' from https://xhamster.com/videos/our-first-bbc-12825027 (Attempt 1)
2024-11-12 21:06:53,168 - INFO - Successfully downloaded: downloaded_videos\Cheating_Gf_Fucking_random_Guy_while_i_filmed_part_2.mp4
2024-11-12 21:06:53,216 - INFO - Starting download for 'Head_monster_swallow_my_nut' from https://xhamster.com/videos/head-monster-swallow-my-nut-xhZe4aq (Attempt 1)
2024-11-12 21:06:59,558 - INFO - Successfully downloaded: downloaded_videos\OMG__I_Can_t__I_Can_t__It_s_Already_Too_Deep__.mp4
2024-11-12 21:06:59,615 - INFO - Starting download for 'White_Wife_Breeding' from https://xhamster.com/videos/white-wife-breeding-13674883 (Attempt 1)
2024-11-12 21:07:03,421 - INFO - Successfully downloaded: downloaded_videos\White_Wife_Breeding.mp4
2024-11-12 21:07:03,468 - INFO - Starting download for 'When_s_the_last_time_your_wife_looked_at_you_that_way_' from https://xhamster.com/videos/whens-the-last-time-your-wife-looked-at-you-that-way-xhf2ARA (Attempt 1)
2024-11-12 21:07:09,553 - INFO - Successfully downloaded: downloaded_videos\When_s_the_last_time_your_wife_looked_at_you_that_way_.mp4
2024-11-12 21:07:09,600 - INFO - Starting download for 'Just_a_Kiss_' from https://xhamster.com/videos/just-a-kiss-xhOCXuC (Attempt 1)
2024-11-12 21:07:10,199 - INFO - Successfully downloaded: downloaded_videos\Head_monster_swallow_my_nut.mp4
2024-11-12 21:07:10,243 - INFO - Starting download for 'orgasm_riding_bbc' from https://xhamster.com/videos/orgasm-riding-bbc-xh6dUq8 (Attempt 1)
2024-11-12 21:07:12,259 - INFO - Successfully downloaded: downloaded_videos\orgasm_riding_bbc.mp4
2024-11-12 21:07:12,303 - INFO - Starting download for 'Wife_Swallows_Huge_Load' from https://xhamster.com/videos/wife-swallows-huge-load-9430865 (Attempt 1)
2024-11-12 21:07:14,880 - INFO - Successfully downloaded: downloaded_videos\Watching_his_wife_fuck_a_black_guy_on_the_couch.mp4
2024-11-12 21:07:14,926 - INFO - Starting download for 'bbc_cum' from https://xhamster.com/videos/bbc-cum-14371674 (Attempt 1)
2024-11-12 21:07:15,854 - INFO - Successfully downloaded: downloaded_videos\Wife_Swallows_Huge_Load.mp4
2024-11-12 21:07:15,918 - INFO - Starting download for 'Life_of_cumslut_step_mom' from https://xhamster.com/videos/life-of-cumslut-step-mom-14729187 (Attempt 1)
2024-11-12 21:07:21,338 - INFO - Successfully downloaded: downloaded_videos\Life_of_cumslut_step_mom.mp4
2024-11-12 21:07:21,386 - INFO - Starting download for 'White_wife_and_BBC_have_simultaneous_orgasm' from https://xhamster.com/videos/white-wife-and-bbc-have-simultaneous-orgasm-11103366 (Attempt 1)
2024-11-12 21:07:24,472 - INFO - Successfully downloaded: downloaded_videos\bbc_cum.mp4
2024-11-12 21:07:24,517 - INFO - Starting download for 'Cum_Kissing_Wife_After_She_Blows_Another_Guy' from https://xhamster.com/videos/cum-kissing-wife-after-she-blows-another-guy-10345536 (Attempt 1)
2024-11-12 21:07:25,500 - INFO - Successfully downloaded: downloaded_videos\Just_a_Kiss_.mp4
2024-11-12 21:07:25,554 - INFO - Starting download for 'My_26yo_girlfriend_fucks_and_swallows_her_stepdad_' from https://xhamster.com/videos/my-26yo-girlfriend-fucks-and-swallows-her-stepdad-xh8tR6f (Attempt 1)
2024-11-12 21:07:30,409 - INFO - Successfully downloaded: downloaded_videos\My_26yo_girlfriend_fucks_and_swallows_her_stepdad_.mp4
2024-11-12 21:07:30,463 - INFO - Starting download for 'Sharing_His_GF_with_a_Big_Dick' from https://xhamster.com/videos/sharing-his-gf-with-a-big-dick-6789927 (Attempt 1)
2024-11-12 21:07:34,405 - INFO - Successfully downloaded: downloaded_videos\Sharing_His_GF_with_a_Big_Dick.mp4
2024-11-12 21:07:34,453 - INFO - Starting download for 'Husband_Set_This_Up_And_Filmed_-_Now_He_s_Lost_Her' from https://xhamster.com/videos/husband-set-this-up-and-filmed-now-hes-lost-her-8276844 (Attempt 1)
2024-11-12 21:07:36,588 - INFO - Successfully downloaded: downloaded_videos\White_wife_and_BBC_have_simultaneous_orgasm.mp4
2024-11-12 21:07:36,643 - INFO - Starting download for 'She_sucks_that_BBC_like_a_champ' from https://xhamster.com/videos/she-sucks-that-bbc-like-a-champ-14389780 (Attempt 1)
2024-11-12 21:07:37,126 - INFO - Successfully downloaded: downloaded_videos\Cum_Kissing_Wife_After_She_Blows_Another_Guy.mp4
2024-11-12 21:07:37,171 - INFO - Starting download for 'Down_her_throat' from https://xhamster.com/videos/down-her-throat-xhE2u8D (Attempt 1)
2024-11-12 21:07:39,055 - INFO - Successfully downloaded: downloaded_videos\Husband_Set_This_Up_And_Filmed_-_Now_He_s_Lost_Her.mp4
2024-11-12 21:07:39,115 - INFO - Starting download for 'Suck_bbc' from https://xhamster.com/videos/suck-bbc-6982798 (Attempt 1)
2024-11-12 21:07:40,049 - INFO - Successfully downloaded: downloaded_videos\Down_her_throat.mp4
2024-11-12 21:07:40,095 - INFO - Starting download for 'Hungry_for_cum' from https://xhamster.com/videos/hungry-for-cum-2479130 (Attempt 1)
2024-11-12 21:07:41,416 - INFO - Successfully downloaded: downloaded_videos\Suck_bbc.mp4
2024-11-12 21:07:41,480 - INFO - Starting download for 'Argentinian_girlfiend_enjoy_BBC_on_holidays' from https://xhamster.com/videos/argentinian-girlfiend-enjoy-bbc-on-holidays-xhUvg4q (Attempt 1)
2024-11-12 21:07:42,514 - INFO - Successfully downloaded: downloaded_videos\Hungry_for_cum.mp4
2024-11-12 21:07:42,580 - INFO - Starting download for 'LyniGirl_-_It_s_too_big_says_my_wife_' from https://xhamster.com/videos/lynigirl-its-too-big-says-my-wife-xh27pDt (Attempt 1)
2024-11-12 21:07:47,357 - INFO - Successfully downloaded: downloaded_videos\She_sucks_that_BBC_like_a_champ.mp4
2024-11-12 21:07:47,404 - INFO - Starting download for 'Girlfriend_tries_bbc' from https://xhamster.com/videos/girlfriend-tries-bbc-10377751 (Attempt 1)
2024-11-12 21:07:47,426 - INFO - Successfully downloaded: downloaded_videos\Argentinian_girlfiend_enjoy_BBC_on_holidays.mp4
2024-11-12 21:07:47,473 - INFO - Starting download for 'That_s_a_good_mother_' from https://xhamster.com/videos/thats-a-good-mother-6484666 (Attempt 1)
2024-11-12 21:07:51,161 - INFO - Successfully downloaded: downloaded_videos\That_s_a_good_mother_.mp4
2024-11-12 21:07:51,206 - INFO - Starting download for 'Sa_Martinom_u_autu_-_Hrvatski_sex' from https://xhamster.com/videos/sa-martinom-u-autu-hrvatski-sex-xh3gJMZ (Attempt 1)
2024-11-12 21:07:52,768 - INFO - Successfully downloaded: downloaded_videos\Girlfriend_tries_bbc.mp4
2024-11-12 21:07:52,811 - INFO - Starting download for 'Brunette_PAWG_sucking_the_hell_out_of_the_cock' from https://xhamster.com/videos/brunette-pawg-sucking-the-hell-out-of-the-cock-12161471 (Attempt 1)
2024-11-12 21:07:53,436 - INFO - Successfully downloaded: downloaded_videos\LyniGirl_-_It_s_too_big_says_my_wife_.mp4
2024-11-12 21:07:53,480 - INFO - Starting download for 'Training_a_thick_blonde_slut' from https://xhamster.com/videos/training-a-thick-blonde-slut-12732055 (Attempt 1)
2024-11-12 21:07:53,781 - INFO - Successfully downloaded: downloaded_videos\Sa_Martinom_u_autu_-_Hrvatski_sex.mp4
2024-11-12 21:07:53,825 - INFO - Starting download for 'Intense_blowjob' from https://xhamster.com/videos/intense-blowjob-xhg5XB2 (Attempt 1)
2024-11-12 21:07:55,697 - INFO - Successfully downloaded: downloaded_videos\Brunette_PAWG_sucking_the_hell_out_of_the_cock.mp4
2024-11-12 21:07:55,755 - INFO - Starting download for 'Hotel_slut_takes_cum_in_her_mouth' from https://xhamster.com/videos/hotel-slut-takes-cum-in-her-mouth-8616630 (Attempt 1)
2024-11-12 21:07:56,031 - INFO - Successfully downloaded: downloaded_videos\Training_a_thick_blonde_slut.mp4
2024-11-12 21:07:56,085 - INFO - Starting download for 'No_lube_required_for_this_petite_slut' from https://xhamster.com/videos/no-lube-required-for-this-petite-slut-xhTHHFa (Attempt 1)
2024-11-12 21:07:58,076 - INFO - Successfully downloaded: downloaded_videos\Hotel_slut_takes_cum_in_her_mouth.mp4
2024-11-12 21:07:58,123 - INFO - Starting download for 'Bbc_lovers' from https://xhamster.com/videos/bbc-lovers-xhHPdKE (Attempt 1)
2024-11-12 21:07:58,533 - INFO - Successfully downloaded: downloaded_videos\Intense_blowjob.mp4
2024-11-12 21:07:58,579 - INFO - Starting download for 'Cuckold_compilation' from https://xhamster.com/videos/cuckold-compilation-12394428 (Attempt 1)
2024-11-12 21:08:01,248 - INFO - Successfully downloaded: downloaded_videos\Bbc_lovers.mp4
2024-11-12 21:08:01,297 - INFO - Starting download for 'swallowing_cum' from https://xhamster.com/videos/swallowing-cum-xhtblUP (Attempt 1)
2024-11-12 21:08:03,667 - INFO - Successfully downloaded: downloaded_videos\swallowing_cum.mp4
2024-11-12 21:08:03,715 - INFO - Starting download for 'sexy' from https://xhamster.com/videos/sexy-xhdkdtE (Attempt 1)
2024-11-12 21:08:11,124 - INFO - Successfully downloaded: downloaded_videos\No_lube_required_for_this_petite_slut.mp4
2024-11-12 21:08:11,172 - INFO - Starting download for 'Wife_On_Vacation_-_Hotel' from https://xhamster.com/videos/wife-on-vacation-hotel-xhH9fl3 (Attempt 1)
2024-11-12 21:08:14,634 - INFO - Successfully downloaded: downloaded_videos\Wife_On_Vacation_-_Hotel.mp4
2024-11-12 21:08:14,681 - INFO - Starting download for 'Cuck_wife_swallow' from https://xhamster.com/videos/cuck-wife-swallow-4011154 (Attempt 1)
2024-11-12 21:08:21,570 - INFO - Successfully downloaded: downloaded_videos\Cuck_wife_swallow.mp4
2024-11-12 21:08:30,433 - INFO - Successfully downloaded: downloaded_videos\sexy.mp4
2024-11-12 21:08:41,229 - INFO - Successfully downloaded: downloaded_videos\Interracial_Bi_MMF.mp4
2024-11-12 21:09:55,498 - INFO - Successfully downloaded: downloaded_videos\Cuckold_compilation.mp4
2024-11-12 21:12:49,887 - INFO - Successfully downloaded: downloaded_videos\Our_first_BBC.mp4
2024-11-12 21:12:52,385 - INFO - Selenium WebDriver has been closed.
